{"created": 1762481575.972466, "duration": 0.06517410278320312, "exitcode": 1, "root": "/Volumes/VIXinSSD/pipre/pipre/tests", "environment": {}, "summary": {"passed": 2, "failed": 3, "total": 5, "collected": 5}, "collectors": [{"nodeid": "", "outcome": "passed", "result": [{"nodeid": "test_target.py", "type": "Module"}, {"nodeid": "test_validation.py", "type": "Module"}]}, {"nodeid": "test_target.py", "outcome": "passed", "result": []}, {"nodeid": "test_validation.py", "outcome": "passed", "result": [{"nodeid": "test_validation.py::test_hawking_temperature_conservation", "type": "Function", "lineno": 9}, {"nodeid": "test_validation.py::test_horizon_detection", "type": "Function", "lineno": 22}, {"nodeid": "test_validation.py::test_graybody_factor_bounds", "type": "Function", "lineno": 37}, {"nodeid": "test_validation.py::test_variation_preservation", "type": "Function", "lineno": 46}, {"nodeid": "test_validation.py::test_uncertainty_reduction", "type": "Function", "lineno": 65}]}], "tests": [{"nodeid": "test_validation.py::test_hawking_temperature_conservation", "lineno": 9, "outcome": "passed", "keywords": ["test_hawking_temperature_conservation", "test_validation.py", "tests"], "setup": {"duration": 0.00012366590090095997, "outcome": "passed"}, "call": {"duration": 0.00014104193542152643, "outcome": "passed"}, "teardown": {"duration": 8.616701234132051e-05, "outcome": "passed"}}, {"nodeid": "test_validation.py::test_horizon_detection", "lineno": 22, "outcome": "failed", "keywords": ["test_horizon_detection", "test_validation.py", "tests"], "setup": {"duration": 8.012494072318077e-05, "outcome": "passed"}, "call": {"duration": 0.008511499967426062, "outcome": "failed", "crash": {"path": "/Volumes/VIXinSSD/pipre/pipre/tests/test_validation.py", "lineno": 35, "message": "AssertionError: Horizon should be detected around middle\nassert 40 <= np.int64(34)"}, "traceback": [{"path": "test_validation.py", "lineno": 35, "message": "AssertionError"}], "longrepr": "def test_horizon_detection():\n        \"\"\"Test that event horizon is properly detected\"\"\"\n        # Simulate field data with horizon signature\n        field_data = np.random.normal(0, 1, (100, 50))\n    \n        # Add horizon signature (simplified)\n        field_data[50:, :] *= 0.1  # Suppression beyond horizon\n    \n        # Check that we can detect the horizon\n        mean_field = np.mean(field_data, axis=1)\n        horizon_idx = np.argmax(np.abs(np.gradient(mean_field)))\n    \n>       assert 40 <= horizon_idx <= 60, \"Horizon should be detected around middle\"\nE       AssertionError: Horizon should be detected around middle\nE       assert 40 <= np.int64(34)\n\ntest_validation.py:35: AssertionError"}, "teardown": {"duration": 9.345798753201962e-05, "outcome": "passed"}}, {"nodeid": "test_validation.py::test_graybody_factor_bounds", "lineno": 37, "outcome": "passed", "keywords": ["test_graybody_factor_bounds", "test_validation.py", "tests"], "setup": {"duration": 5.2916002459824085e-05, "outcome": "passed"}, "call": {"duration": 8.420797530561686e-05, "outcome": "passed"}, "teardown": {"duration": 3.641704097390175e-05, "outcome": "passed"}}, {"nodeid": "test_validation.py::test_variation_preservation", "lineno": 46, "outcome": "failed", "keywords": ["test_variation_preservation", "test_validation.py", "tests"], "setup": {"duration": 4.2665982618927956e-05, "outcome": "passed"}, "call": {"duration": 0.0001759999431669712, "outcome": "failed", "crash": {"path": "/Volumes/VIXinSSD/pipre/pipre/tests/test_validation.py", "lineno": 49, "message": "ModuleNotFoundError: No module named 'pipre'"}, "traceback": [{"path": "test_validation.py", "lineno": 49, "message": "ModuleNotFoundError"}], "longrepr": "def test_variation_preservation():\n        \"\"\"Test that VariationTensor preserves variation information\"\"\"\n>       from pipre.engine.transpiler import VariationTensor\nE       ModuleNotFoundError: No module named 'pipre'\n\ntest_validation.py:49: ModuleNotFoundError"}, "teardown": {"duration": 4.075001925230026e-05, "outcome": "passed"}}, {"nodeid": "test_validation.py::test_uncertainty_reduction", "lineno": 65, "outcome": "failed", "keywords": ["test_uncertainty_reduction", "test_validation.py", "tests"], "setup": {"duration": 4.425004590302706e-05, "outcome": "passed"}, "call": {"duration": 0.0001264170277863741, "outcome": "failed", "crash": {"path": "/Volumes/VIXinSSD/pipre/pipre/tests/test_validation.py", "lineno": 68, "message": "ModuleNotFoundError: No module named 'pipre'"}, "traceback": [{"path": "test_validation.py", "lineno": 68, "message": "ModuleNotFoundError"}], "longrepr": "def test_uncertainty_reduction():\n        \"\"\"Test that VariationTensor reduces uncertainty\"\"\"\n>       from pipre.engine.transpiler import VariationTensor\nE       ModuleNotFoundError: No module named 'pipre'\n\ntest_validation.py:68: ModuleNotFoundError"}, "teardown": {"duration": 3.800005652010441e-05, "outcome": "passed"}}]}